ets Jul 29 2019 12:21:46

rst:0x1 (POWERON_RESET),boot:0x13 (SPI_FAST_FLASH_BOOT)
configsip: 0, SPIWP:0xee
clk_drv:0x00,q_drv:0x00,d_drv:0x00,cs0_drv:0x00,hd_drv:0x00,wp_drv:0x00
mode:DOUT, clock div:2
load:0x3fff0030,len:1184
load:0x40078000,len:13232
load:0x40080400,len:3028
  #0  0x40080400 in _init at ??:?

entry 0x400805e4
LittleFS montato correttamente!
-> esp32_webapp/
       index.html (3694 bytes)
       script.js (4394 bytes)
       style.css (6840 bytes)
-> external_webapp/
       index.html (1613 bytes)
       script.js (5027 bytes)
       style.css (3872 bytes)
   sensor_config.json (70 bytes)
   wifi.json (107 bytes)
loading data
data loaded succesfully!
ssid_ac   ESP32_ACCES
psw_ac   ESP32_PSW
ssid_wifi   Thomas's Galaxy s25 edge
psw_wifi   Password
WIFI CONNECTION
**Thomas's Galaxy s25 edge****Password**6data loaded succesfully!
