ets Jul 29 2019 12:21:46

rst:0x1 (POWERON_RESET),boot:0x13 (SPI_FAST_FLASH_BOOT)
configsip: 0, SPIWP:0xee
clk_drv:0x00,q_drv:0x00,d_drv:0x00,cs0_drv:0x00,hd_drv:0x00,wp_drv:0x00
mode:DIO, clock div:2
load:0x3fff0030,len:1184
load:0x40078000,len:13232
load:0x40080400,len:3028
  #0  0x40080400 in _init at ??:?

entry 0x400805e4
-> esp32_webapp/
       index.html (3693 bytes)
       script.js (4394 bytes)
       style.css (6840 bytes)
-> external_webapp/
       index.html (1612 bytes)
       script.js (1055 bytes)
       style.css (3872 bytes)
   json_wifi.json (0 bytes)
   wifi.json (100 bytes)
loading data
data loaded succesfully!
ssid_ac   ESP32_ACCES
psw_ac   ESP32_PSW
ssid_wifi   Casa Colombo
psw_wifi   C0l0mb0Family
WIFI CONNECTION
66666666666666666666